2026-05-27 23:07:37,273 | INFO | Run ID: knn_20260527_230737
2026-05-27 23:07:37,274 | INFO | Load MNIST from C:\Users\Lenovo\Desktop\HDR\mnist.zip
2026-05-27 23:07:37,415 | INFO | Data split: train=50000 validation=10000 test=10000
2026-05-27 23:07:37,415 | INFO | Save data visualization figures
2026-05-27 23:07:38,923 | INFO | Preprocess images: normalize and flatten
2026-05-27 23:07:38,996 | INFO | Tune K values: [1, 3, 5, 7, 9]
2026-05-27 23:07:38,996 | INFO | Start validation for K=1
2026-05-27 23:07:52,019 | INFO | K=1 validation accuracy=0.9712 elapsed=13.02s
2026-05-27 23:07:52,019 | INFO | Start validation for K=3
2026-05-27 23:08:05,622 | INFO | K=3 validation accuracy=0.9720 elapsed=13.60s
2026-05-27 23:08:05,622 | INFO | Start validation for K=5
2026-05-27 23:08:18,884 | INFO | K=5 validation accuracy=0.9718 elapsed=13.26s
2026-05-27 23:08:18,884 | INFO | Start validation for K=7
2026-05-27 23:08:32,005 | INFO | K=7 validation accuracy=0.9708 elapsed=13.12s
2026-05-27 23:08:32,005 | INFO | Start validation for K=9
2026-05-27 23:08:45,275 | INFO | K=9 validation accuracy=0.9705 elapsed=13.27s
2026-05-27 23:08:45,281 | INFO | Best K=3
2026-05-27 23:08:45,376 | INFO | Fit final model with K=3 on 60000 samples (train + validation)
2026-05-27 23:08:45,394 | INFO | Evaluate final model on test set
2026-05-27 23:09:01,233 | INFO | Test accuracy=0.9705
2026-05-27 23:09:01,577 | INFO | Saved model to C:\Users\Lenovo\Desktop\HDR\outputs\models\knn_20260527_230737_knn.joblib
2026-05-27 23:09:01,582 | INFO | Finished in 84.30s
